0 info it worked if it ends with ok
1 verbose cli [ 'C:\\Program Files\\nodejs\\node.exe',
1 verbose cli   'C:\\Program Files\\nodejs\\node_modules\\npm\\bin\\npm-cli.js',
1 verbose cli   'install',
1 verbose cli   'iconv' ]
2 info using npm@3.10.10
3 info using node@v6.10.3
4 silly loadCurrentTree Starting
5 silly install loadCurrentTree
6 silly install readLocalPackageData
7 silly fetchPackageMetaData iconv
8 silly fetchNamedPackageData iconv
9 silly mapToRegistry name iconv
10 silly mapToRegistry using default registry
11 silly mapToRegistry registry https://registry.npmjs.org/
12 silly mapToRegistry data Result {
12 silly mapToRegistry   raw: 'iconv',
12 silly mapToRegistry   scope: null,
12 silly mapToRegistry   escapedName: 'iconv',
12 silly mapToRegistry   name: 'iconv',
12 silly mapToRegistry   rawSpec: '',
12 silly mapToRegistry   spec: 'latest',
12 silly mapToRegistry   type: 'tag' }
13 silly mapToRegistry uri https://registry.npmjs.org/iconv
14 verbose request uri https://registry.npmjs.org/iconv
15 verbose request no auth needed
16 info attempt registry request try #1 at 16:40:32
17 verbose request id 4b2d45620c6c1d84
18 verbose etag W/"e809c26d8c8c861a996665f87a5f695e"
19 verbose lastModified Sun, 31 Mar 2019 07:28:58 GMT
20 http request GET https://registry.npmjs.org/iconv
21 http 304 https://registry.npmjs.org/iconv
22 verbose headers { date: 'Fri, 09 Aug 2019 13:40:32 GMT',
22 verbose headers   'set-cookie': [ '__cfduid=d451c6b6772d4798100df54afdac9d3931565358032; expires=Sat, 08-Aug-20 13:40:32 GMT; path=/; domain=.npmjs.org; HttpOnly' ],
22 verbose headers   'cf-cache-status': 'HIT',
22 verbose headers   'cache-control': 'max-age=300',
22 verbose headers   'cf-ray': '503a2479aa72bef1-FRA',
22 verbose headers   age: '3812',
22 verbose headers   etag: '"e809c26d8c8c861a996665f87a5f695e"',
22 verbose headers   'expect-ct': 'max-age=604800, report-uri="https://report-uri.cloudflare.com/cdn-cgi/beacon/expect-ct"',
22 verbose headers   'last-modified': 'Sun, 31 Mar 2019 07:28:58 GMT',
22 verbose headers   vary: 'accept-encoding, accept',
22 verbose headers   'x-amz-meta-rev': '118-2e6b26d9f4ad5412cd6229b11f2c21f7',
22 verbose headers   server: 'cloudflare',
22 verbose headers   'x-cache': 'MISS from proxy6.krista.ru',
22 verbose headers   'x-cache-lookup': 'MISS from proxy6.krista.ru:8080',
22 verbose headers   via: '1.1 proxy6.krista.ru (squid/3.5.23)',
22 verbose headers   connection: 'close' }
23 silly get cb [ 304,
23 silly get   { date: 'Fri, 09 Aug 2019 13:40:32 GMT',
23 silly get     'set-cookie': [ '__cfduid=d451c6b6772d4798100df54afdac9d3931565358032; expires=Sat, 08-Aug-20 13:40:32 GMT; path=/; domain=.npmjs.org; HttpOnly' ],
23 silly get     'cf-cache-status': 'HIT',
23 silly get     'cache-control': 'max-age=300',
23 silly get     'cf-ray': '503a2479aa72bef1-FRA',
23 silly get     age: '3812',
23 silly get     etag: '"e809c26d8c8c861a996665f87a5f695e"',
23 silly get     'expect-ct': 'max-age=604800, report-uri="https://report-uri.cloudflare.com/cdn-cgi/beacon/expect-ct"',
23 silly get     'last-modified': 'Sun, 31 Mar 2019 07:28:58 GMT',
23 silly get     vary: 'accept-encoding, accept',
23 silly get     'x-amz-meta-rev': '118-2e6b26d9f4ad5412cd6229b11f2c21f7',
23 silly get     server: 'cloudflare',
23 silly get     'x-cache': 'MISS from proxy6.krista.ru',
23 silly get     'x-cache-lookup': 'MISS from proxy6.krista.ru:8080',
23 silly get     via: '1.1 proxy6.krista.ru (squid/3.5.23)',
23 silly get     connection: 'close' } ]
24 verbose etag https://registry.npmjs.org/iconv from cache
25 verbose get saving iconv to C:\Users\barannikov\AppData\Roaming\npm-cache\registry.npmjs.org\iconv\.cache.json
26 verbose correctMkdir C:\Users\barannikov\AppData\Roaming\npm-cache correctMkdir not in flight; initializing
27 silly install normalizeTree
28 silly loadCurrentTree Finishing
29 silly loadIdealTree Starting
30 silly install loadIdealTree
31 silly cloneCurrentTree Starting
32 silly install cloneCurrentTreeToIdealTree
33 silly cloneCurrentTree Finishing
34 silly loadShrinkwrap Starting
35 silly install loadShrinkwrap
36 silly loadShrinkwrap Finishing
37 silly loadAllDepsIntoIdealTree Starting
38 silly install loadAllDepsIntoIdealTree
39 silly resolveWithNewModule iconv@2.3.4 checking installable status
40 silly cache add args [ 'iconv', null ]
41 verbose cache add spec iconv
42 silly cache add parsed spec Result {
42 silly cache add   raw: 'iconv',
42 silly cache add   scope: null,
42 silly cache add   escapedName: 'iconv',
42 silly cache add   name: 'iconv',
42 silly cache add   rawSpec: '',
42 silly cache add   spec: 'latest',
42 silly cache add   type: 'tag' }
43 silly addNamed iconv@latest
44 verbose addNamed "latest" is being treated as a dist-tag for iconv
45 info addNameTag [ 'iconv', 'latest' ]
46 silly mapToRegistry name iconv
47 silly mapToRegistry using default registry
48 silly mapToRegistry registry https://registry.npmjs.org/
49 silly mapToRegistry data Result {
49 silly mapToRegistry   raw: 'iconv',
49 silly mapToRegistry   scope: null,
49 silly mapToRegistry   escapedName: 'iconv',
49 silly mapToRegistry   name: 'iconv',
49 silly mapToRegistry   rawSpec: '',
49 silly mapToRegistry   spec: 'latest',
49 silly mapToRegistry   type: 'tag' }
50 silly mapToRegistry uri https://registry.npmjs.org/iconv
51 verbose addNameTag registry:https://registry.npmjs.org/iconv not in flight; fetching
52 verbose get https://registry.npmjs.org/iconv not expired, no request
53 silly addNameTag next cb for iconv with tag latest
54 silly addNamed iconv@2.3.4
55 verbose addNamed "2.3.4" is a plain semver version for iconv
56 silly cache afterAdd iconv@2.3.4
57 verbose afterAdd C:\Users\barannikov\AppData\Roaming\npm-cache\iconv\2.3.4\package\package.json not in flight; writing
58 verbose correctMkdir C:\Users\barannikov\AppData\Roaming\npm-cache correctMkdir not in flight; initializing
59 verbose afterAdd C:\Users\barannikov\AppData\Roaming\npm-cache\iconv\2.3.4\package\package.json written
60 silly fetchNamedPackageData nan
61 silly mapToRegistry name nan
62 silly mapToRegistry using default registry
63 silly mapToRegistry registry https://registry.npmjs.org/
64 silly mapToRegistry data Result {
64 silly mapToRegistry   raw: 'nan',
64 silly mapToRegistry   scope: null,
64 silly mapToRegistry   escapedName: 'nan',
64 silly mapToRegistry   name: 'nan',
64 silly mapToRegistry   rawSpec: '',
64 silly mapToRegistry   spec: 'latest',
64 silly mapToRegistry   type: 'tag' }
65 silly mapToRegistry uri https://registry.npmjs.org/nan
66 verbose request uri https://registry.npmjs.org/nan
67 verbose request no auth needed
68 info attempt registry request try #1 at 16:40:33
69 verbose etag W/"a665a85bde8d605dbf85b9013ecf702b"
70 verbose lastModified Thu, 16 May 2019 19:11:40 GMT
71 http request GET https://registry.npmjs.org/nan
72 http 304 https://registry.npmjs.org/nan
73 verbose headers { date: 'Fri, 09 Aug 2019 13:40:33 GMT',
73 verbose headers   'set-cookie': [ '__cfduid=d08a6d3a161c0f927b461330da2cde7df1565358033; expires=Sat, 08-Aug-20 13:40:33 GMT; path=/; domain=.npmjs.org; HttpOnly' ],
73 verbose headers   'cf-cache-status': 'HIT',
73 verbose headers   'cache-control': 'max-age=300',
73 verbose headers   'cf-ray': '503a247e1fd6dfff-FRA',
73 verbose headers   age: '1048',
73 verbose headers   etag: '"a665a85bde8d605dbf85b9013ecf702b"',
73 verbose headers   'expect-ct': 'max-age=604800, report-uri="https://report-uri.cloudflare.com/cdn-cgi/beacon/expect-ct"',
73 verbose headers   'last-modified': 'Thu, 16 May 2019 19:11:40 GMT',
73 verbose headers   vary: 'accept-encoding, accept',
73 verbose headers   'x-amz-meta-rev': '187-4027ea0c01577aa817d1396fc47fd498',
73 verbose headers   server: 'cloudflare',
73 verbose headers   'x-cache': 'MISS from proxy6.krista.ru',
73 verbose headers   'x-cache-lookup': 'MISS from proxy6.krista.ru:8080',
73 verbose headers   via: '1.1 proxy6.krista.ru (squid/3.5.23)',
73 verbose headers   connection: 'close' }
74 silly get cb [ 304,
74 silly get   { date: 'Fri, 09 Aug 2019 13:40:33 GMT',
74 silly get     'set-cookie': [ '__cfduid=d08a6d3a161c0f927b461330da2cde7df1565358033; expires=Sat, 08-Aug-20 13:40:33 GMT; path=/; domain=.npmjs.org; HttpOnly' ],
74 silly get     'cf-cache-status': 'HIT',
74 silly get     'cache-control': 'max-age=300',
74 silly get     'cf-ray': '503a247e1fd6dfff-FRA',
74 silly get     age: '1048',
74 silly get     etag: '"a665a85bde8d605dbf85b9013ecf702b"',
74 silly get     'expect-ct': 'max-age=604800, report-uri="https://report-uri.cloudflare.com/cdn-cgi/beacon/expect-ct"',
74 silly get     'last-modified': 'Thu, 16 May 2019 19:11:40 GMT',
74 silly get     vary: 'accept-encoding, accept',
74 silly get     'x-amz-meta-rev': '187-4027ea0c01577aa817d1396fc47fd498',
74 silly get     server: 'cloudflare',
74 silly get     'x-cache': 'MISS from proxy6.krista.ru',
74 silly get     'x-cache-lookup': 'MISS from proxy6.krista.ru:8080',
74 silly get     via: '1.1 proxy6.krista.ru (squid/3.5.23)',
74 silly get     connection: 'close' } ]
75 verbose etag https://registry.npmjs.org/nan from cache
76 verbose get saving nan to C:\Users\barannikov\AppData\Roaming\npm-cache\registry.npmjs.org\nan\.cache.json
77 verbose correctMkdir C:\Users\barannikov\AppData\Roaming\npm-cache correctMkdir not in flight; initializing
78 silly resolveWithNewModule nan@2.14.0 checking installable status
79 silly cache add args [ 'nan@^2.13.1', null ]
80 verbose cache add spec nan@^2.13.1
81 silly cache add parsed spec Result {
81 silly cache add   raw: 'nan@^2.13.1',
81 silly cache add   scope: null,
81 silly cache add   escapedName: 'nan',
81 silly cache add   name: 'nan',
81 silly cache add   rawSpec: '^2.13.1',
81 silly cache add   spec: '>=2.13.1 <3.0.0',
81 silly cache add   type: 'range' }
82 silly addNamed nan@>=2.13.1 <3.0.0
83 verbose addNamed ">=2.13.1 <3.0.0" is a valid semver range for nan
84 silly addNameRange { name: 'nan', range: '>=2.13.1 <3.0.0', hasData: false }
85 silly mapToRegistry name nan
86 silly mapToRegistry using default registry
87 silly mapToRegistry registry https://registry.npmjs.org/
88 silly mapToRegistry data Result {
88 silly mapToRegistry   raw: 'nan',
88 silly mapToRegistry   scope: null,
88 silly mapToRegistry   escapedName: 'nan',
88 silly mapToRegistry   name: 'nan',
88 silly mapToRegistry   rawSpec: '',
88 silly mapToRegistry   spec: 'latest',
88 silly mapToRegistry   type: 'tag' }
89 silly mapToRegistry uri https://registry.npmjs.org/nan
90 verbose addNameRange registry:https://registry.npmjs.org/nan not in flight; fetching
91 verbose get https://registry.npmjs.org/nan not expired, no request
92 silly addNameRange number 2 { name: 'nan', range: '>=2.13.1 <3.0.0', hasData: true }
93 silly addNameRange versions [ 'nan',
93 silly addNameRange   [ '0.3.0-wip',
93 silly addNameRange     '0.3.0-wip2',
93 silly addNameRange     '0.3.0',
93 silly addNameRange     '0.3.1',
93 silly addNameRange     '0.3.2',
93 silly addNameRange     '0.4.0',
93 silly addNameRange     '0.4.1',
93 silly addNameRange     '0.4.2',
93 silly addNameRange     '0.4.3',
93 silly addNameRange     '0.4.4',
93 silly addNameRange     '0.5.0',
93 silly addNameRange     '0.5.1',
93 silly addNameRange     '0.5.2',
93 silly addNameRange     '0.6.0',
93 silly addNameRange     '0.7.0',
93 silly addNameRange     '0.7.1',
93 silly addNameRange     '0.8.0',
93 silly addNameRange     '1.0.0',
93 silly addNameRange     '1.1.0',
93 silly addNameRange     '1.1.1',
93 silly addNameRange     '1.1.2',
93 silly addNameRange     '1.2.0',
93 silly addNameRange     '1.3.0',
93 silly addNameRange     '1.4.0',
93 silly addNameRange     '1.4.1',
93 silly addNameRange     '1.5.0',
93 silly addNameRange     '1.4.2',
93 silly addNameRange     '1.4.3',
93 silly addNameRange     '1.5.1',
93 silly addNameRange     '1.5.2',
93 silly addNameRange     '1.6.0',
93 silly addNameRange     '1.5.3',
93 silly addNameRange     '1.6.1',
93 silly addNameRange     '1.6.2',
93 silly addNameRange     '1.7.0',
93 silly addNameRange     '1.8.0',
93 silly addNameRange     '1.8.1',
93 silly addNameRange     '1.8.2',
93 silly addNameRange     '1.8.3',
93 silly addNameRange     '1.8.4',
93 silly addNameRange     '1.9.0',
93 silly addNameRange     '2.0.0',
93 silly addNameRange     '2.0.1',
93 silly addNameRange     '2.0.2',
93 silly addNameRange     '2.0.3',
93 silly addNameRange     '2.0.4',
93 silly addNameRange     '2.0.5',
93 silly addNameRange     '2.0.6',
93 silly addNameRange     '2.0.7',
93 silly addNameRange     '2.0.8',
93 silly addNameRange     '2.0.9',
93 silly addNameRange     '2.1.0',
93 silly addNameRange     '2.2.0',
93 silly addNameRange     '2.2.1',
93 silly addNameRange     '2.3.0',
93 silly addNameRange     '2.3.1',
93 silly addNameRange     '2.3.2',
93 silly addNameRange     '2.3.3',
93 silly addNameRange     '2.3.4',
93 silly addNameRange     '2.3.5',
93 silly addNameRange     '2.4.0',
93 silly addNameRange     '2.5.0',
93 silly addNameRange     '2.5.1',
93 silly addNameRange     '2.6.0',
93 silly addNameRange     '2.6.1',
93 silly addNameRange     '2.6.2',
93 silly addNameRange     '2.7.0',
93 silly addNameRange     '2.8.0',
93 silly addNameRange     '2.9.1',
93 silly addNameRange     '2.9.2',
93 silly addNameRange     '2.10.0',
93 silly addNameRange     '2.11.0',
93 silly addNameRange     '2.11.1',
93 silly addNameRange     '2.12.0',
93 silly addNameRange     '2.12.1',
93 silly addNameRange     '2.13.0',
93 silly addNameRange     '2.13.1',
93 silly addNameRange     '2.13.2',
93 silly addNameRange     '2.14.0' ] ]
94 silly addNamed nan@2.14.0
95 verbose addNamed "2.14.0" is a plain semver version for nan
96 silly cache afterAdd nan@2.14.0
97 verbose afterAdd C:\Users\barannikov\AppData\Roaming\npm-cache\nan\2.14.0\package\package.json not in flight; writing
98 verbose correctMkdir C:\Users\barannikov\AppData\Roaming\npm-cache correctMkdir not in flight; initializing
99 verbose afterAdd C:\Users\barannikov\AppData\Roaming\npm-cache\nan\2.14.0\package\package.json written
100 silly loadAllDepsIntoIdealTree Finishing
101 silly loadIdealTree Finishing
102 silly currentTree node@1.0.0
102 silly currentTree +-- accepts@1.3.7
102 silly currentTree +-- array-flatten@1.1.1
102 silly currentTree +-- body-parser@1.19.0
102 silly currentTree +-- bytes@3.1.0
102 silly currentTree +-- colors@1.3.3
102 silly currentTree +-- console-group@0.3.3
102 silly currentTree +-- content-disposition@0.5.3
102 silly currentTree +-- content-type@1.0.4
102 silly currentTree +-- cookie-signature@1.0.6
102 silly currentTree +-- cookie@0.4.0
102 silly currentTree +-- debug@2.6.9
102 silly currentTree +-- depd@1.1.2
102 silly currentTree +-- destroy@1.0.4
102 silly currentTree +-- ee-first@1.1.1
102 silly currentTree +-- encodeurl@1.0.2
102 silly currentTree +-- escape-html@1.0.3
102 silly currentTree +-- etag@1.8.1
102 silly currentTree +-- express@4.17.1
102 silly currentTree +-- finalhandler@1.1.2
102 silly currentTree +-- forwarded@0.1.2
102 silly currentTree +-- fresh@0.5.2
102 silly currentTree +-- fs@0.0.1-security
102 silly currentTree +-- http-errors@1.7.2
102 silly currentTree +-- iconv-lite@0.4.24
102 silly currentTree +-- inherits@2.0.3
102 silly currentTree +-- ipaddr.js@1.9.0
102 silly currentTree +-- lodash@4.17.15
102 silly currentTree +-- media-typer@0.3.0
102 silly currentTree +-- merge-descriptors@1.0.1
102 silly currentTree +-- methods@1.1.2
102 silly currentTree +-- mime-db@1.40.0
102 silly currentTree +-- mime-types@2.1.24
102 silly currentTree +-- mime@1.6.0
102 silly currentTree +-- minimist@0.0.10
102 silly currentTree +-- ms@2.0.0
102 silly currentTree +-- negotiator@0.6.2
102 silly currentTree +-- node-static@0.7.11
102 silly currentTree +-- on-finished@2.3.0
102 silly currentTree +-- optimist@0.6.1
102 silly currentTree +-- parseurl@1.3.3
102 silly currentTree +-- path-to-regexp@0.1.7
102 silly currentTree +-- proxy-addr@2.0.5
102 silly currentTree +-- qs@6.7.0
102 silly currentTree +-- range-parser@1.2.1
102 silly currentTree +-- raw-body@2.4.0
102 silly currentTree +-- safe-buffer@5.1.2
102 silly currentTree +-- safer-buffer@2.1.2
102 silly currentTree +-- send@0.17.1
102 silly currentTree | `-- ms@2.1.1
102 silly currentTree +-- serve-static@1.14.1
102 silly currentTree +-- setprototypeof@1.1.1
102 silly currentTree +-- statuses@1.5.0
102 silly currentTree +-- toidentifier@1.0.0
102 silly currentTree +-- type-is@1.6.18
102 silly currentTree +-- unpipe@1.0.0
102 silly currentTree +-- utils-merge@1.0.1
102 silly currentTree +-- vary@1.1.2
102 silly currentTree `-- wordwrap@0.0.3
103 silly idealTree node@1.0.0
103 silly idealTree +-- accepts@1.3.7
103 silly idealTree +-- array-flatten@1.1.1
103 silly idealTree +-- body-parser@1.19.0
103 silly idealTree +-- bytes@3.1.0
103 silly idealTree +-- colors@1.3.3
103 silly idealTree +-- console-group@0.3.3
103 silly idealTree +-- content-disposition@0.5.3
103 silly idealTree +-- content-type@1.0.4
103 silly idealTree +-- cookie-signature@1.0.6
103 silly idealTree +-- cookie@0.4.0
103 silly idealTree +-- debug@2.6.9
103 silly idealTree +-- depd@1.1.2
103 silly idealTree +-- destroy@1.0.4
103 silly idealTree +-- ee-first@1.1.1
103 silly idealTree +-- encodeurl@1.0.2
103 silly idealTree +-- escape-html@1.0.3
103 silly idealTree +-- etag@1.8.1
103 silly idealTree +-- express@4.17.1
103 silly idealTree +-- finalhandler@1.1.2
103 silly idealTree +-- forwarded@0.1.2
103 silly idealTree +-- fresh@0.5.2
103 silly idealTree +-- fs@0.0.1-security
103 silly idealTree +-- http-errors@1.7.2
103 silly idealTree +-- iconv-lite@0.4.24
103 silly idealTree +-- iconv@2.3.4
103 silly idealTree +-- inherits@2.0.3
103 silly idealTree +-- ipaddr.js@1.9.0
103 silly idealTree +-- lodash@4.17.15
103 silly idealTree +-- media-typer@0.3.0
103 silly idealTree +-- merge-descriptors@1.0.1
103 silly idealTree +-- methods@1.1.2
103 silly idealTree +-- mime-db@1.40.0
103 silly idealTree +-- mime-types@2.1.24
103 silly idealTree +-- mime@1.6.0
103 silly idealTree +-- minimist@0.0.10
103 silly idealTree +-- ms@2.0.0
103 silly idealTree +-- nan@2.14.0
103 silly idealTree +-- negotiator@0.6.2
103 silly idealTree +-- node-static@0.7.11
103 silly idealTree +-- on-finished@2.3.0
103 silly idealTree +-- optimist@0.6.1
103 silly idealTree +-- parseurl@1.3.3
103 silly idealTree +-- path-to-regexp@0.1.7
103 silly idealTree +-- proxy-addr@2.0.5
103 silly idealTree +-- qs@6.7.0
103 silly idealTree +-- range-parser@1.2.1
103 silly idealTree +-- raw-body@2.4.0
103 silly idealTree +-- safe-buffer@5.1.2
103 silly idealTree +-- safer-buffer@2.1.2
103 silly idealTree +-- send@0.17.1
103 silly idealTree | `-- ms@2.1.1
103 silly idealTree +-- serve-static@1.14.1
103 silly idealTree +-- setprototypeof@1.1.1
103 silly idealTree +-- statuses@1.5.0
103 silly idealTree +-- toidentifier@1.0.0
103 silly idealTree +-- type-is@1.6.18
103 silly idealTree +-- unpipe@1.0.0
103 silly idealTree +-- utils-merge@1.0.1
103 silly idealTree +-- vary@1.1.2
103 silly idealTree `-- wordwrap@0.0.3
104 silly generateActionsToTake Starting
105 silly install generateActionsToTake
106 silly generateActionsToTake Finishing
107 silly diffTrees action count 2
108 silly diffTrees add nan@2.14.0
109 silly diffTrees add iconv@2.3.4
110 silly decomposeActions action count 16
111 silly decomposeActions fetch nan@2.14.0
112 silly decomposeActions extract nan@2.14.0
113 silly decomposeActions test nan@2.14.0
114 silly decomposeActions preinstall nan@2.14.0
115 silly decomposeActions build nan@2.14.0
116 silly decomposeActions install nan@2.14.0
117 silly decomposeActions postinstall nan@2.14.0
118 silly decomposeActions finalize nan@2.14.0
119 silly decomposeActions fetch iconv@2.3.4
120 silly decomposeActions extract iconv@2.3.4
121 silly decomposeActions test iconv@2.3.4
122 silly decomposeActions preinstall iconv@2.3.4
123 silly decomposeActions build iconv@2.3.4
124 silly decomposeActions install iconv@2.3.4
125 silly decomposeActions postinstall iconv@2.3.4
126 silly decomposeActions finalize iconv@2.3.4
127 silly runTopLevelLifecycles Starting
128 silly executeActions Starting
129 silly install executeActions
130 silly doSerial global-install 0
131 silly doParallel fetch 2
132 verbose correctMkdir C:\Users\barannikov\AppData\Roaming\npm-cache\_locks correctMkdir not in flight; initializing
133 verbose lock using C:\Users\barannikov\AppData\Roaming\npm-cache\_locks\staging-48932a216986c58e.lock for D:\barannikov\_Misc\Dropbox\_Web\_Projects\node_trvo\node_modules\.staging
134 silly doParallel extract 2
135 silly extract nan@2.14.0
136 silly extract iconv@2.3.4
137 verbose unbuild node_modules\.staging\iconv-ddcdeb7f
138 verbose unbuild node_modules\.staging\nan-213ef67e
139 silly gentlyRm D:\barannikov\_Misc\Dropbox\_Web\_Projects\node_trvo\node_modules\.staging\iconv-ddcdeb7f is being purged from base D:\barannikov\_Misc\Dropbox\_Web\_Projects\node_trvo
140 verbose gentlyRm don't care about contents; nuking D:\barannikov\_Misc\Dropbox\_Web\_Projects\node_trvo\node_modules\.staging\iconv-ddcdeb7f
141 silly gentlyRm D:\barannikov\_Misc\Dropbox\_Web\_Projects\node_trvo\node_modules\.staging\nan-213ef67e is being purged from base D:\barannikov\_Misc\Dropbox\_Web\_Projects\node_trvo
142 verbose gentlyRm don't care about contents; nuking D:\barannikov\_Misc\Dropbox\_Web\_Projects\node_trvo\node_modules\.staging\nan-213ef67e
143 verbose tar unpack C:\Users\barannikov\AppData\Roaming\npm-cache\iconv\2.3.4\package.tgz
144 verbose tar unpacking to D:\barannikov\_Misc\Dropbox\_Web\_Projects\node_trvo\node_modules\.staging\iconv-ddcdeb7f
145 silly gentlyRm D:\barannikov\_Misc\Dropbox\_Web\_Projects\node_trvo\node_modules\.staging\iconv-ddcdeb7f is being purged
146 verbose gentlyRm don't care about contents; nuking D:\barannikov\_Misc\Dropbox\_Web\_Projects\node_trvo\node_modules\.staging\iconv-ddcdeb7f
147 verbose tar unpack C:\Users\barannikov\AppData\Roaming\npm-cache\nan\2.14.0\package.tgz
148 verbose tar unpacking to D:\barannikov\_Misc\Dropbox\_Web\_Projects\node_trvo\node_modules\.staging\nan-213ef67e
149 silly gentlyRm D:\barannikov\_Misc\Dropbox\_Web\_Projects\node_trvo\node_modules\.staging\nan-213ef67e is being purged
150 verbose gentlyRm don't care about contents; nuking D:\barannikov\_Misc\Dropbox\_Web\_Projects\node_trvo\node_modules\.staging\nan-213ef67e
151 silly gunzTarPerm modes [ '777', '666' ]
152 silly gunzTarPerm modes [ '777', '666' ]
153 silly gunzTarPerm extractEntry package.json
154 silly gunzTarPerm modified mode [ 'package.json', 420, 438 ]
155 silly gunzTarPerm extractEntry package.json
156 silly gunzTarPerm modified mode [ 'package.json', 436, 438 ]
157 silly gunzTarPerm extractEntry binding.gyp
158 silly gunzTarPerm modified mode [ 'binding.gyp', 436, 438 ]
159 silly gunzTarPerm extractEntry LICENSE
160 silly gunzTarPerm modified mode [ 'LICENSE', 436, 438 ]
161 silly gunzTarPerm extractEntry CHANGELOG.md
162 silly gunzTarPerm modified mode [ 'CHANGELOG.md', 436, 438 ]
163 silly gunzTarPerm extractEntry include_dirs.js
164 silly gunzTarPerm modified mode [ 'include_dirs.js', 436, 438 ]
165 silly gunzTarPerm extractEntry README.md
166 silly gunzTarPerm modified mode [ 'README.md', 420, 438 ]
167 silly gunzTarPerm extractEntry deps/libiconv/lib/aliases_aix_sysaix.h
168 silly gunzTarPerm modified mode [ 'deps/libiconv/lib/aliases_aix_sysaix.h', 436, 438 ]
169 silly gunzTarPerm extractEntry LICENSE.md
170 silly gunzTarPerm modified mode [ 'LICENSE.md', 436, 438 ]
171 silly gunzTarPerm extractEntry nan_callbacks_12_inl.h
172 silly gunzTarPerm modified mode [ 'nan_callbacks_12_inl.h', 436, 438 ]
173 silly gunzTarPerm extractEntry nan_callbacks_pre_12_inl.h
174 silly gunzTarPerm modified mode [ 'nan_callbacks_pre_12_inl.h', 436, 438 ]
175 silly gunzTarPerm extractEntry nan_callbacks.h
176 silly gunzTarPerm modified mode [ 'nan_callbacks.h', 436, 438 ]
177 silly gunzTarPerm extractEntry deps/libiconv/lib/aliases_aix.h
178 silly gunzTarPerm modified mode [ 'deps/libiconv/lib/aliases_aix.h', 436, 438 ]
179 silly gunzTarPerm extractEntry deps/libiconv/lib/aliases_dos.h
180 silly gunzTarPerm modified mode [ 'deps/libiconv/lib/aliases_dos.h', 436, 438 ]
181 silly gunzTarPerm extractEntry deps/libiconv/lib/aliases_extra.h
182 silly gunzTarPerm modified mode [ 'deps/libiconv/lib/aliases_extra.h', 436, 438 ]
183 silly gunzTarPerm extractEntry nan_converters_43_inl.h
184 silly gunzTarPerm modified mode [ 'nan_converters_43_inl.h', 436, 438 ]
185 silly gunzTarPerm extractEntry nan_converters_pre_43_inl.h
186 silly gunzTarPerm modified mode [ 'nan_converters_pre_43_inl.h', 436, 438 ]
187 silly gunzTarPerm extractEntry deps/libiconv/lib/aliases_osf1_sysosf1.h
188 silly gunzTarPerm modified mode [ 'deps/libiconv/lib/aliases_osf1_sysosf1.h', 436, 438 ]
189 silly gunzTarPerm extractEntry deps/libiconv/lib/aliases_osf1.h
190 silly gunzTarPerm modified mode [ 'deps/libiconv/lib/aliases_osf1.h', 436, 438 ]
191 silly gunzTarPerm extractEntry nan_converters.h
192 silly gunzTarPerm modified mode [ 'nan_converters.h', 436, 438 ]
193 silly gunzTarPerm extractEntry nan_define_own_property_helper.h
194 silly gunzTarPerm modified mode [ 'nan_define_own_property_helper.h', 436, 438 ]
195 silly gunzTarPerm extractEntry nan_implementation_12_inl.h
196 silly gunzTarPerm modified mode [ 'nan_implementation_12_inl.h', 436, 438 ]
197 silly gunzTarPerm extractEntry nan_implementation_pre_12_inl.h
198 silly gunzTarPerm modified mode [ 'nan_implementation_pre_12_inl.h', 436, 438 ]
199 silly gunzTarPerm extractEntry nan_json.h
200 silly gunzTarPerm modified mode [ 'nan_json.h', 436, 438 ]
201 silly gunzTarPerm extractEntry nan_maybe_43_inl.h
202 silly gunzTarPerm modified mode [ 'nan_maybe_43_inl.h', 436, 438 ]
203 silly gunzTarPerm extractEntry deps/libiconv/lib/aliases_sysaix.h
204 silly gunzTarPerm modified mode [ 'deps/libiconv/lib/aliases_sysaix.h', 436, 438 ]
205 silly gunzTarPerm extractEntry deps/libiconv/lib/aliases_syshpux.h
206 silly gunzTarPerm modified mode [ 'deps/libiconv/lib/aliases_syshpux.h', 436, 438 ]
207 silly gunzTarPerm extractEntry nan_maybe_pre_43_inl.h
208 silly gunzTarPerm modified mode [ 'nan_maybe_pre_43_inl.h', 436, 438 ]
209 silly gunzTarPerm extractEntry nan_new.h
210 silly gunzTarPerm modified mode [ 'nan_new.h', 436, 438 ]
211 silly gunzTarPerm extractEntry nan_object_wrap.h
212 silly gunzTarPerm modified mode [ 'nan_object_wrap.h', 436, 438 ]
213 silly gunzTarPerm extractEntry deps/libiconv/lib/aliases_sysosf1.h
214 silly gunzTarPerm modified mode [ 'deps/libiconv/lib/aliases_sysosf1.h', 436, 438 ]
215 silly gunzTarPerm extractEntry deps/libiconv/lib/aliases_syssolaris.h
216 silly gunzTarPerm modified mode [ 'deps/libiconv/lib/aliases_syssolaris.h', 436, 438 ]
217 silly gunzTarPerm extractEntry nan_persistent_12_inl.h
218 silly gunzTarPerm modified mode [ 'nan_persistent_12_inl.h', 436, 438 ]
219 silly gunzTarPerm extractEntry nan_persistent_pre_12_inl.h
220 silly gunzTarPerm modified mode [ 'nan_persistent_pre_12_inl.h', 436, 438 ]
221 silly gunzTarPerm extractEntry deps/libiconv/lib/aliases.h
222 silly gunzTarPerm modified mode [ 'deps/libiconv/lib/aliases.h', 436, 438 ]
223 silly gunzTarPerm extractEntry deps/libiconv/lib/aliases2.h
224 silly gunzTarPerm modified mode [ 'deps/libiconv/lib/aliases2.h', 436, 438 ]
225 silly gunzTarPerm extractEntry nan_private.h
226 silly gunzTarPerm modified mode [ 'nan_private.h', 436, 438 ]
227 silly gunzTarPerm extractEntry nan_string_bytes.h
228 silly gunzTarPerm modified mode [ 'nan_string_bytes.h', 436, 438 ]
229 silly gunzTarPerm extractEntry deps/libiconv/lib/armscii_8.h
230 silly gunzTarPerm modified mode [ 'deps/libiconv/lib/armscii_8.h', 436, 438 ]
231 silly gunzTarPerm extractEntry deps/libiconv/lib/ascii.h
232 silly gunzTarPerm modified mode [ 'deps/libiconv/lib/ascii.h', 436, 438 ]
233 silly gunzTarPerm extractEntry deps/libiconv/lib/atarist.h
234 silly gunzTarPerm modified mode [ 'deps/libiconv/lib/atarist.h', 436, 438 ]
235 silly gunzTarPerm extractEntry deps/libiconv/lib/big5_2003.h
236 silly gunzTarPerm modified mode [ 'deps/libiconv/lib/big5_2003.h', 436, 438 ]
237 silly gunzTarPerm extractEntry nan_typedarray_contents.h
238 silly gunzTarPerm modified mode [ 'nan_typedarray_contents.h', 436, 438 ]
239 silly gunzTarPerm extractEntry deps/libiconv/lib/big5.h
240 silly gunzTarPerm modified mode [ 'deps/libiconv/lib/big5.h', 436, 438 ]
241 silly gunzTarPerm extractEntry nan_weak.h
242 silly gunzTarPerm modified mode [ 'nan_weak.h', 436, 438 ]
243 silly gunzTarPerm extractEntry nan.h
244 silly gunzTarPerm modified mode [ 'nan.h', 436, 438 ]
245 silly gunzTarPerm extractEntry deps/libiconv/lib/big5hkscs1999.h
246 silly gunzTarPerm modified mode [ 'deps/libiconv/lib/big5hkscs1999.h', 436, 438 ]
247 silly gunzTarPerm extractEntry deps/libiconv/lib/big5hkscs2001.h
248 silly gunzTarPerm modified mode [ 'deps/libiconv/lib/big5hkscs2001.h', 436, 438 ]
249 silly gunzTarPerm extractEntry README.md
250 silly gunzTarPerm modified mode [ 'README.md', 436, 438 ]
251 silly gunzTarPerm extractEntry doc/asyncworker.md
252 silly gunzTarPerm modified mode [ 'doc/asyncworker.md', 436, 438 ]
253 silly gunzTarPerm extractEntry deps/libiconv/lib/big5hkscs2004.h
254 silly gunzTarPerm modified mode [ 'deps/libiconv/lib/big5hkscs2004.h', 436, 438 ]
255 silly gunzTarPerm extractEntry deps/libiconv/lib/big5hkscs2008.h
256 silly gunzTarPerm modified mode [ 'deps/libiconv/lib/big5hkscs2008.h', 436, 438 ]
257 silly gunzTarPerm extractEntry deps/libiconv/lib/c99.h
258 silly gunzTarPerm modified mode [ 'deps/libiconv/lib/c99.h', 436, 438 ]
259 silly gunzTarPerm extractEntry deps/libiconv/lib/canonical_aix_sysaix.h
260 silly gunzTarPerm modified mode [ 'deps/libiconv/lib/canonical_aix_sysaix.h', 436, 438 ]
261 silly gunzTarPerm extractEntry doc/buffers.md
262 silly gunzTarPerm modified mode [ 'doc/buffers.md', 436, 438 ]
263 silly gunzTarPerm extractEntry doc/callback.md
264 silly gunzTarPerm modified mode [ 'doc/callback.md', 436, 438 ]
265 silly gunzTarPerm extractEntry deps/libiconv/lib/canonical_aix.h
266 silly gunzTarPerm modified mode [ 'deps/libiconv/lib/canonical_aix.h', 436, 438 ]
267 silly gunzTarPerm extractEntry deps/libiconv/lib/canonical_dos.h
268 silly gunzTarPerm modified mode [ 'deps/libiconv/lib/canonical_dos.h', 436, 438 ]
269 silly gunzTarPerm extractEntry doc/converters.md
270 silly gunzTarPerm modified mode [ 'doc/converters.md', 436, 438 ]
271 silly gunzTarPerm extractEntry doc/errors.md
272 silly gunzTarPerm modified mode [ 'doc/errors.md', 436, 438 ]
273 silly gunzTarPerm extractEntry deps/libiconv/lib/canonical_extra.h
274 silly gunzTarPerm modified mode [ 'deps/libiconv/lib/canonical_extra.h', 436, 438 ]
275 silly gunzTarPerm extractEntry deps/libiconv/lib/canonical_local_sysaix.h
276 silly gunzTarPerm modified mode [ 'deps/libiconv/lib/canonical_local_sysaix.h', 436, 438 ]
277 silly gunzTarPerm extractEntry deps/libiconv/lib/canonical_local_syshpux.h
278 silly gunzTarPerm modified mode [ 'deps/libiconv/lib/canonical_local_syshpux.h', 436, 438 ]
279 silly gunzTarPerm extractEntry deps/libiconv/lib/canonical_local_sysosf1.h
280 silly gunzTarPerm modified mode [ 'deps/libiconv/lib/canonical_local_sysosf1.h', 436, 438 ]
281 silly gunzTarPerm extractEntry deps/libiconv/lib/canonical_local_syssolaris.h
282 silly gunzTarPerm modified mode [ 'deps/libiconv/lib/canonical_local_syssolaris.h', 436, 438 ]
283 silly gunzTarPerm extractEntry deps/libiconv/lib/canonical_local.h
284 silly gunzTarPerm modified mode [ 'deps/libiconv/lib/canonical_local.h', 436, 438 ]
285 silly gunzTarPerm extractEntry doc/json.md
286 silly gunzTarPerm modified mode [ 'doc/json.md', 436, 438 ]
287 silly gunzTarPerm extractEntry doc/maybe_types.md
288 silly gunzTarPerm modified mode [ 'doc/maybe_types.md', 436, 438 ]
289 silly gunzTarPerm extractEntry deps/libiconv/lib/canonical_osf1_sysosf1.h
290 silly gunzTarPerm modified mode [ 'deps/libiconv/lib/canonical_osf1_sysosf1.h', 436, 438 ]
291 silly gunzTarPerm extractEntry doc/methods.md
292 silly gunzTarPerm modified mode [ 'doc/methods.md', 436, 438 ]
293 silly gunzTarPerm extractEntry doc/new.md
294 silly gunzTarPerm modified mode [ 'doc/new.md', 436, 438 ]
295 silly gunzTarPerm extractEntry deps/libiconv/lib/canonical_osf1.h
296 silly gunzTarPerm modified mode [ 'deps/libiconv/lib/canonical_osf1.h', 436, 438 ]
297 silly gunzTarPerm extractEntry deps/libiconv/lib/canonical_sysaix.h
298 silly gunzTarPerm modified mode [ 'deps/libiconv/lib/canonical_sysaix.h', 436, 438 ]
299 silly gunzTarPerm extractEntry deps/libiconv/lib/canonical_syshpux.h
300 silly gunzTarPerm modified mode [ 'deps/libiconv/lib/canonical_syshpux.h', 436, 438 ]
301 silly gunzTarPerm extractEntry deps/libiconv/lib/canonical_sysosf1.h
302 silly gunzTarPerm modified mode [ 'deps/libiconv/lib/canonical_sysosf1.h', 436, 438 ]
303 silly gunzTarPerm extractEntry deps/libiconv/lib/canonical_syssolaris.h
304 silly gunzTarPerm modified mode [ 'deps/libiconv/lib/canonical_syssolaris.h', 436, 438 ]
305 silly gunzTarPerm extractEntry doc/node_misc.md
306 silly gunzTarPerm modified mode [ 'doc/node_misc.md', 436, 438 ]
307 silly gunzTarPerm extractEntry doc/object_wrappers.md
308 silly gunzTarPerm modified mode [ 'doc/object_wrappers.md', 436, 438 ]
309 silly gunzTarPerm extractEntry deps/libiconv/lib/canonical.h
310 silly gunzTarPerm modified mode [ 'deps/libiconv/lib/canonical.h', 436, 438 ]
311 silly gunzTarPerm extractEntry deps/libiconv/lib/ces_big5.h
312 silly gunzTarPerm modified mode [ 'deps/libiconv/lib/ces_big5.h', 436, 438 ]
313 silly gunzTarPerm extractEntry deps/libiconv/lib/ces_gbk.h
314 silly gunzTarPerm modified mode [ 'deps/libiconv/lib/ces_gbk.h', 436, 438 ]
315 silly gunzTarPerm extractEntry deps/libiconv/lib/cjk_variants.h
316 silly gunzTarPerm modified mode [ 'deps/libiconv/lib/cjk_variants.h', 436, 438 ]
317 silly gunzTarPerm extractEntry deps/libiconv/lib/cns11643_1.h
318 silly gunzTarPerm modified mode [ 'deps/libiconv/lib/cns11643_1.h', 436, 438 ]
319 silly gunzTarPerm extractEntry doc/persistent.md
320 silly gunzTarPerm modified mode [ 'doc/persistent.md', 436, 438 ]
321 silly gunzTarPerm extractEntry doc/scopes.md
322 silly gunzTarPerm modified mode [ 'doc/scopes.md', 436, 438 ]
323 silly gunzTarPerm extractEntry doc/script.md
324 silly gunzTarPerm modified mode [ 'doc/script.md', 436, 438 ]
325 silly gunzTarPerm extractEntry doc/string_bytes.md
326 silly gunzTarPerm modified mode [ 'doc/string_bytes.md', 436, 438 ]
327 silly gunzTarPerm extractEntry doc/v8_internals.md
328 silly gunzTarPerm modified mode [ 'doc/v8_internals.md', 436, 438 ]
329 silly gunzTarPerm extractEntry doc/v8_misc.md
330 silly gunzTarPerm modified mode [ 'doc/v8_misc.md', 436, 438 ]
331 silly gunzTarPerm extractEntry tools/1to2.js
332 silly gunzTarPerm modified mode [ 'tools/1to2.js', 509, 511 ]
333 silly gunzTarPerm extractEntry tools/package.json
334 silly gunzTarPerm modified mode [ 'tools/package.json', 436, 438 ]
335 silly gunzTarPerm extractEntry tools/README.md
336 silly gunzTarPerm modified mode [ 'tools/README.md', 436, 438 ]
337 silly gunzTarPerm extractEntry deps/libiconv/lib/cns11643_15.h
338 silly gunzTarPerm modified mode [ 'deps/libiconv/lib/cns11643_15.h', 436, 438 ]
339 silly gunzTarPerm extractEntry deps/libiconv/lib/cns11643_2.h
340 silly gunzTarPerm modified mode [ 'deps/libiconv/lib/cns11643_2.h', 436, 438 ]
341 silly gunzTarPerm extractEntry deps/libiconv/lib/cns11643_3.h
342 silly gunzTarPerm modified mode [ 'deps/libiconv/lib/cns11643_3.h', 436, 438 ]
343 silly gunzTarPerm extractEntry deps/libiconv/lib/cns11643_4.h
344 silly gunzTarPerm modified mode [ 'deps/libiconv/lib/cns11643_4.h', 436, 438 ]
345 silly gunzTarPerm extractEntry deps/libiconv/lib/cns11643_4a.h
346 silly gunzTarPerm modified mode [ 'deps/libiconv/lib/cns11643_4a.h', 436, 438 ]
347 silly gunzTarPerm extractEntry deps/libiconv/lib/cns11643_4b.h
348 silly gunzTarPerm modified mode [ 'deps/libiconv/lib/cns11643_4b.h', 436, 438 ]
349 silly gunzTarPerm extractEntry deps/libiconv/lib/cns11643_5.h
350 silly gunzTarPerm modified mode [ 'deps/libiconv/lib/cns11643_5.h', 436, 438 ]
351 silly gunzTarPerm extractEntry deps/libiconv/lib/cns11643_6.h
352 silly gunzTarPerm modified mode [ 'deps/libiconv/lib/cns11643_6.h', 436, 438 ]
353 silly gunzTarPerm extractEntry deps/libiconv/lib/cns11643_7.h
354 silly gunzTarPerm modified mode [ 'deps/libiconv/lib/cns11643_7.h', 436, 438 ]
355 silly gunzTarPerm extractEntry deps/libiconv/lib/cns11643_inv.h
356 silly gunzTarPerm modified mode [ 'deps/libiconv/lib/cns11643_inv.h', 436, 438 ]
357 silly gunzTarPerm extractEntry deps/libiconv/lib/cns11643.h
358 silly gunzTarPerm modified mode [ 'deps/libiconv/lib/cns11643.h', 436, 438 ]
359 silly gunzTarPerm extractEntry deps/libiconv/lib/converters.h
360 silly gunzTarPerm modified mode [ 'deps/libiconv/lib/converters.h', 436, 438 ]
361 silly gunzTarPerm extractEntry deps/libiconv/lib/cp1046.h
362 silly gunzTarPerm modified mode [ 'deps/libiconv/lib/cp1046.h', 436, 438 ]
363 silly gunzTarPerm extractEntry deps/libiconv/lib/cp1124.h
364 silly gunzTarPerm modified mode [ 'deps/libiconv/lib/cp1124.h', 436, 438 ]
365 silly gunzTarPerm extractEntry deps/libiconv/lib/cp1125.h
366 silly gunzTarPerm modified mode [ 'deps/libiconv/lib/cp1125.h', 436, 438 ]
367 silly gunzTarPerm extractEntry deps/libiconv/lib/cp1129.h
368 silly gunzTarPerm modified mode [ 'deps/libiconv/lib/cp1129.h', 436, 438 ]
369 silly gunzTarPerm extractEntry deps/libiconv/lib/cp1131.h
370 silly gunzTarPerm modified mode [ 'deps/libiconv/lib/cp1131.h', 436, 438 ]
371 silly gunzTarPerm extractEntry deps/libiconv/lib/cp1133.h
372 silly gunzTarPerm modified mode [ 'deps/libiconv/lib/cp1133.h', 436, 438 ]
373 silly gunzTarPerm extractEntry deps/libiconv/lib/cp1161.h
374 silly gunzTarPerm modified mode [ 'deps/libiconv/lib/cp1161.h', 436, 438 ]
375 silly gunzTarPerm extractEntry deps/libiconv/lib/cp1162.h
376 silly gunzTarPerm modified mode [ 'deps/libiconv/lib/cp1162.h', 436, 438 ]
377 silly gunzTarPerm extractEntry deps/libiconv/lib/cp1163.h
378 silly gunzTarPerm modified mode [ 'deps/libiconv/lib/cp1163.h', 436, 438 ]
379 silly gunzTarPerm extractEntry deps/libiconv/lib/cp1250.h
380 silly gunzTarPerm modified mode [ 'deps/libiconv/lib/cp1250.h', 436, 438 ]
381 silly gunzTarPerm extractEntry deps/libiconv/lib/cp1251.h
382 silly gunzTarPerm modified mode [ 'deps/libiconv/lib/cp1251.h', 436, 438 ]
383 silly gunzTarPerm extractEntry deps/libiconv/lib/cp1252.h
384 silly gunzTarPerm modified mode [ 'deps/libiconv/lib/cp1252.h', 436, 438 ]
385 silly gunzTarPerm extractEntry deps/libiconv/lib/cp1253.h
386 silly gunzTarPerm modified mode [ 'deps/libiconv/lib/cp1253.h', 436, 438 ]
387 silly gunzTarPerm extractEntry deps/libiconv/lib/cp1254.h
388 silly gunzTarPerm modified mode [ 'deps/libiconv/lib/cp1254.h', 436, 438 ]
389 silly gunzTarPerm extractEntry deps/libiconv/lib/cp1255.h
390 silly gunzTarPerm modified mode [ 'deps/libiconv/lib/cp1255.h', 436, 438 ]
391 silly gunzTarPerm extractEntry deps/libiconv/lib/cp1256.h
392 silly gunzTarPerm modified mode [ 'deps/libiconv/lib/cp1256.h', 436, 438 ]
393 silly gunzTarPerm extractEntry deps/libiconv/lib/cp1257.h
394 silly gunzTarPerm modified mode [ 'deps/libiconv/lib/cp1257.h', 436, 438 ]
395 silly gunzTarPerm extractEntry deps/libiconv/lib/cp1258.h
396 silly gunzTarPerm modified mode [ 'deps/libiconv/lib/cp1258.h', 436, 438 ]
397 silly gunzTarPerm extractEntry deps/libiconv/lib/cp437.h
398 silly gunzTarPerm modified mode [ 'deps/libiconv/lib/cp437.h', 436, 438 ]
399 silly gunzTarPerm extractEntry deps/libiconv/lib/cp50221_0208_ext.h
400 silly gunzTarPerm modified mode [ 'deps/libiconv/lib/cp50221_0208_ext.h', 436, 438 ]
401 silly gunzTarPerm extractEntry deps/libiconv/lib/cp50221_0212_ext.h
402 silly gunzTarPerm modified mode [ 'deps/libiconv/lib/cp50221_0212_ext.h', 436, 438 ]
403 silly gunzTarPerm extractEntry deps/libiconv/lib/cp737.h
404 silly gunzTarPerm modified mode [ 'deps/libiconv/lib/cp737.h', 436, 438 ]
405 silly gunzTarPerm extractEntry deps/libiconv/lib/cp775.h
406 silly gunzTarPerm modified mode [ 'deps/libiconv/lib/cp775.h', 436, 438 ]
407 silly gunzTarPerm extractEntry deps/libiconv/lib/cp850.h
408 silly gunzTarPerm modified mode [ 'deps/libiconv/lib/cp850.h', 436, 438 ]
409 silly gunzTarPerm extractEntry deps/libiconv/lib/cp852.h
410 silly gunzTarPerm modified mode [ 'deps/libiconv/lib/cp852.h', 436, 438 ]
411 silly gunzTarPerm extractEntry deps/libiconv/lib/cp853.h
412 silly gunzTarPerm modified mode [ 'deps/libiconv/lib/cp853.h', 436, 438 ]
413 silly gunzTarPerm extractEntry deps/libiconv/lib/cp855.h
414 silly gunzTarPerm modified mode [ 'deps/libiconv/lib/cp855.h', 436, 438 ]
415 silly gunzTarPerm extractEntry deps/libiconv/lib/cp856.h
416 silly gunzTarPerm modified mode [ 'deps/libiconv/lib/cp856.h', 436, 438 ]
417 silly gunzTarPerm extractEntry deps/libiconv/lib/cp857.h
418 silly gunzTarPerm modified mode [ 'deps/libiconv/lib/cp857.h', 436, 438 ]
419 silly gunzTarPerm extractEntry deps/libiconv/lib/cp858.h
420 silly gunzTarPerm modified mode [ 'deps/libiconv/lib/cp858.h', 436, 438 ]
421 silly gunzTarPerm extractEntry deps/libiconv/lib/cp860.h
422 silly gunzTarPerm modified mode [ 'deps/libiconv/lib/cp860.h', 436, 438 ]
423 silly gunzTarPerm extractEntry deps/libiconv/lib/cp861.h
424 silly gunzTarPerm modified mode [ 'deps/libiconv/lib/cp861.h', 436, 438 ]
425 silly gunzTarPerm extractEntry deps/libiconv/lib/cp862.h
426 silly gunzTarPerm modified mode [ 'deps/libiconv/lib/cp862.h', 436, 438 ]
427 silly gunzTarPerm extractEntry deps/libiconv/lib/cp863.h
428 silly gunzTarPerm modified mode [ 'deps/libiconv/lib/cp863.h', 436, 438 ]
429 silly gunzTarPerm extractEntry deps/libiconv/lib/cp864.h
430 silly gunzTarPerm modified mode [ 'deps/libiconv/lib/cp864.h', 436, 438 ]
431 silly gunzTarPerm extractEntry deps/libiconv/lib/cp865.h
432 silly gunzTarPerm modified mode [ 'deps/libiconv/lib/cp865.h', 436, 438 ]
433 silly gunzTarPerm extractEntry deps/libiconv/lib/cp866.h
434 silly gunzTarPerm modified mode [ 'deps/libiconv/lib/cp866.h', 436, 438 ]
435 silly gunzTarPerm extractEntry deps/libiconv/lib/cp869.h
436 silly gunzTarPerm modified mode [ 'deps/libiconv/lib/cp869.h', 436, 438 ]
437 silly gunzTarPerm extractEntry deps/libiconv/lib/cp874.h
438 silly gunzTarPerm modified mode [ 'deps/libiconv/lib/cp874.h', 436, 438 ]
439 silly gunzTarPerm extractEntry deps/libiconv/lib/cp922.h
440 silly gunzTarPerm modified mode [ 'deps/libiconv/lib/cp922.h', 436, 438 ]
441 silly gunzTarPerm extractEntry deps/libiconv/lib/cp932.h
442 silly gunzTarPerm modified mode [ 'deps/libiconv/lib/cp932.h', 436, 438 ]
443 silly gunzTarPerm extractEntry deps/libiconv/lib/cp932ext.h
444 silly gunzTarPerm modified mode [ 'deps/libiconv/lib/cp932ext.h', 436, 438 ]
445 silly gunzTarPerm extractEntry deps/libiconv/lib/cp936.h
446 silly gunzTarPerm modified mode [ 'deps/libiconv/lib/cp936.h', 436, 438 ]
447 silly gunzTarPerm extractEntry deps/libiconv/lib/cp936ext.h
448 silly gunzTarPerm modified mode [ 'deps/libiconv/lib/cp936ext.h', 436, 438 ]
449 silly gunzTarPerm extractEntry deps/libiconv/lib/cp943.h
450 silly gunzTarPerm modified mode [ 'deps/libiconv/lib/cp943.h', 436, 438 ]
451 silly gunzTarPerm extractEntry deps/libiconv/lib/cp949.h
452 silly gunzTarPerm modified mode [ 'deps/libiconv/lib/cp949.h', 436, 438 ]
453 silly gentlyRm D:\barannikov\_Misc\Dropbox\_Web\_Projects\node_trvo\node_modules\.staging\nan-213ef67e\node_modules is being purged
454 verbose gentlyRm don't care about contents; nuking D:\barannikov\_Misc\Dropbox\_Web\_Projects\node_trvo\node_modules\.staging\nan-213ef67e\node_modules
455 silly gunzTarPerm extractEntry deps/libiconv/lib/cp950.h
456 silly gunzTarPerm modified mode [ 'deps/libiconv/lib/cp950.h', 436, 438 ]
457 silly gunzTarPerm extractEntry deps/libiconv/lib/cp950ext.h
458 silly gunzTarPerm modified mode [ 'deps/libiconv/lib/cp950ext.h', 436, 438 ]
459 silly gunzTarPerm extractEntry deps/libiconv/lib/dec_hanyu.h
460 silly gunzTarPerm modified mode [ 'deps/libiconv/lib/dec_hanyu.h', 436, 438 ]
461 silly gunzTarPerm extractEntry deps/libiconv/lib/dec_kanji.h
462 silly gunzTarPerm modified mode [ 'deps/libiconv/lib/dec_kanji.h', 436, 438 ]
463 silly gunzTarPerm extractEntry deps/libiconv/lib/encodings_aix.def
464 silly gunzTarPerm modified mode [ 'deps/libiconv/lib/encodings_aix.def', 436, 438 ]
465 silly gunzTarPerm extractEntry deps/libiconv/lib/encodings_dos.def
466 silly gunzTarPerm modified mode [ 'deps/libiconv/lib/encodings_dos.def', 436, 438 ]
467 silly gunzTarPerm extractEntry deps/libiconv/lib/encodings_extra.def
468 silly gunzTarPerm modified mode [ 'deps/libiconv/lib/encodings_extra.def', 436, 438 ]
469 silly gunzTarPerm extractEntry deps/libiconv/lib/encodings_local.def
470 silly gunzTarPerm modified mode [ 'deps/libiconv/lib/encodings_local.def', 436, 438 ]
471 silly gunzTarPerm extractEntry deps/libiconv/lib/encodings_osf1.def
472 silly gunzTarPerm modified mode [ 'deps/libiconv/lib/encodings_osf1.def', 436, 438 ]
473 silly gunzTarPerm extractEntry deps/libiconv/lib/encodings.def
474 silly gunzTarPerm modified mode [ 'deps/libiconv/lib/encodings.def', 436, 438 ]
475 silly gunzTarPerm extractEntry deps/libiconv/lib/euc_cn.h
476 silly gunzTarPerm modified mode [ 'deps/libiconv/lib/euc_cn.h', 436, 438 ]
477 silly gunzTarPerm extractEntry deps/libiconv/lib/euc_jisx0213.h
478 silly gunzTarPerm modified mode [ 'deps/libiconv/lib/euc_jisx0213.h', 436, 438 ]
479 silly gunzTarPerm extractEntry deps/libiconv/lib/euc_jp.h
480 silly gunzTarPerm modified mode [ 'deps/libiconv/lib/euc_jp.h', 436, 438 ]
481 silly gunzTarPerm extractEntry deps/libiconv/lib/euc_kr.h
482 silly gunzTarPerm modified mode [ 'deps/libiconv/lib/euc_kr.h', 436, 438 ]
483 silly gunzTarPerm extractEntry deps/libiconv/lib/euc_tw.h
484 silly gunzTarPerm modified mode [ 'deps/libiconv/lib/euc_tw.h', 436, 438 ]
485 silly gunzTarPerm extractEntry deps/libiconv/lib/flags.h
486 silly gunzTarPerm modified mode [ 'deps/libiconv/lib/flags.h', 436, 438 ]
487 silly gunzTarPerm extractEntry deps/libiconv/lib/flushwc.h
488 silly gunzTarPerm modified mode [ 'deps/libiconv/lib/flushwc.h', 436, 438 ]
489 silly gunzTarPerm extractEntry deps/libiconv/lib/gb12345.h
490 silly gunzTarPerm modified mode [ 'deps/libiconv/lib/gb12345.h', 436, 438 ]
491 silly gunzTarPerm extractEntry deps/libiconv/lib/gb12345ext.h
492 silly gunzTarPerm modified mode [ 'deps/libiconv/lib/gb12345ext.h', 436, 438 ]
493 silly gunzTarPerm extractEntry deps/libiconv/lib/gb18030.h
494 silly gunzTarPerm modified mode [ 'deps/libiconv/lib/gb18030.h', 436, 438 ]
495 silly gunzTarPerm extractEntry deps/libiconv/lib/gb18030ext.h
496 silly gunzTarPerm modified mode [ 'deps/libiconv/lib/gb18030ext.h', 436, 438 ]
497 silly gunzTarPerm extractEntry deps/libiconv/lib/gb18030uni.h
498 silly gunzTarPerm modified mode [ 'deps/libiconv/lib/gb18030uni.h', 436, 438 ]
499 silly gunzTarPerm extractEntry deps/libiconv/lib/gb2312.h
500 silly gunzTarPerm modified mode [ 'deps/libiconv/lib/gb2312.h', 436, 438 ]
501 silly gunzTarPerm extractEntry deps/libiconv/lib/gbk.h
502 silly gunzTarPerm modified mode [ 'deps/libiconv/lib/gbk.h', 436, 438 ]
503 silly gunzTarPerm extractEntry deps/libiconv/lib/gbkext_inv.h
504 silly gunzTarPerm modified mode [ 'deps/libiconv/lib/gbkext_inv.h', 436, 438 ]
505 silly gunzTarPerm extractEntry deps/libiconv/lib/gbkext1.h
506 silly gunzTarPerm modified mode [ 'deps/libiconv/lib/gbkext1.h', 436, 438 ]
507 silly gunzTarPerm extractEntry deps/libiconv/lib/gbkext2.h
508 silly gunzTarPerm modified mode [ 'deps/libiconv/lib/gbkext2.h', 436, 438 ]
509 silly gunzTarPerm extractEntry deps/libiconv/lib/georgian_academy.h
510 silly gunzTarPerm modified mode [ 'deps/libiconv/lib/georgian_academy.h', 436, 438 ]
511 silly gunzTarPerm extractEntry deps/libiconv/lib/georgian_ps.h
512 silly gunzTarPerm modified mode [ 'deps/libiconv/lib/georgian_ps.h', 436, 438 ]
513 silly gunzTarPerm extractEntry deps/libiconv/lib/hkscs1999.h
514 silly gunzTarPerm modified mode [ 'deps/libiconv/lib/hkscs1999.h', 436, 438 ]
515 silly gunzTarPerm extractEntry deps/libiconv/lib/hkscs2001.h
516 silly gunzTarPerm modified mode [ 'deps/libiconv/lib/hkscs2001.h', 436, 438 ]
517 silly gunzTarPerm extractEntry deps/libiconv/lib/hkscs2004.h
518 silly gunzTarPerm modified mode [ 'deps/libiconv/lib/hkscs2004.h', 436, 438 ]
519 silly gunzTarPerm extractEntry deps/libiconv/lib/hkscs2008.h
520 silly gunzTarPerm modified mode [ 'deps/libiconv/lib/hkscs2008.h', 436, 438 ]
521 silly gunzTarPerm extractEntry deps/libiconv/lib/hp_roman8.h
522 silly gunzTarPerm modified mode [ 'deps/libiconv/lib/hp_roman8.h', 436, 438 ]
523 silly gunzTarPerm extractEntry deps/libiconv/lib/hz.h
524 silly gunzTarPerm modified mode [ 'deps/libiconv/lib/hz.h', 436, 438 ]
525 silly gunzTarPerm extractEntry deps/libiconv/lib/iconv_open1.h
526 silly gunzTarPerm modified mode [ 'deps/libiconv/lib/iconv_open1.h', 436, 438 ]
527 silly gunzTarPerm extractEntry deps/libiconv/lib/iconv_open2.h
528 silly gunzTarPerm modified mode [ 'deps/libiconv/lib/iconv_open2.h', 436, 438 ]
529 silly gunzTarPerm extractEntry deps/libiconv/lib/iconv.c
530 silly gunzTarPerm modified mode [ 'deps/libiconv/lib/iconv.c', 436, 438 ]
531 silly gunzTarPerm extractEntry deps/libiconv/lib/iso2022_cn.h
532 silly gunzTarPerm modified mode [ 'deps/libiconv/lib/iso2022_cn.h', 436, 438 ]
533 silly gunzTarPerm extractEntry deps/libiconv/lib/iso2022_cnext.h
534 silly gunzTarPerm modified mode [ 'deps/libiconv/lib/iso2022_cnext.h', 436, 438 ]
535 silly gunzTarPerm extractEntry deps/libiconv/lib/iso2022_jp.h
536 silly gunzTarPerm modified mode [ 'deps/libiconv/lib/iso2022_jp.h', 436, 438 ]
537 silly gunzTarPerm extractEntry deps/libiconv/lib/iso2022_jp1.h
538 silly gunzTarPerm modified mode [ 'deps/libiconv/lib/iso2022_jp1.h', 436, 438 ]
539 silly gunzTarPerm extractEntry deps/libiconv/lib/iso2022_jp2.h
540 silly gunzTarPerm modified mode [ 'deps/libiconv/lib/iso2022_jp2.h', 436, 438 ]
541 silly gunzTarPerm extractEntry deps/libiconv/lib/iso2022_jp3.h
542 silly gunzTarPerm modified mode [ 'deps/libiconv/lib/iso2022_jp3.h', 436, 438 ]
543 silly gunzTarPerm extractEntry deps/libiconv/lib/iso2022_jpms.h
544 silly gunzTarPerm modified mode [ 'deps/libiconv/lib/iso2022_jpms.h', 436, 438 ]
545 silly gunzTarPerm extractEntry deps/libiconv/lib/iso2022_kr.h
546 silly gunzTarPerm modified mode [ 'deps/libiconv/lib/iso2022_kr.h', 436, 438 ]
547 silly gunzTarPerm extractEntry deps/libiconv/lib/iso646_cn.h
548 silly gunzTarPerm modified mode [ 'deps/libiconv/lib/iso646_cn.h', 436, 438 ]
549 silly gunzTarPerm extractEntry deps/libiconv/lib/iso646_jp.h
550 silly gunzTarPerm modified mode [ 'deps/libiconv/lib/iso646_jp.h', 436, 438 ]
551 silly gunzTarPerm extractEntry deps/libiconv/lib/iso8859_1.h
552 silly gunzTarPerm modified mode [ 'deps/libiconv/lib/iso8859_1.h', 436, 438 ]
553 silly gunzTarPerm extractEntry deps/libiconv/lib/iso8859_10.h
554 silly gunzTarPerm modified mode [ 'deps/libiconv/lib/iso8859_10.h', 436, 438 ]
555 silly gunzTarPerm extractEntry deps/libiconv/lib/iso8859_11.h
556 silly gunzTarPerm modified mode [ 'deps/libiconv/lib/iso8859_11.h', 436, 438 ]
557 silly gunzTarPerm extractEntry deps/libiconv/lib/iso8859_13.h
558 silly gunzTarPerm modified mode [ 'deps/libiconv/lib/iso8859_13.h', 436, 438 ]
559 silly gunzTarPerm extractEntry deps/libiconv/lib/iso8859_14.h
560 silly gunzTarPerm modified mode [ 'deps/libiconv/lib/iso8859_14.h', 436, 438 ]
561 silly gunzTarPerm extractEntry deps/libiconv/lib/iso8859_15.h
562 silly gunzTarPerm modified mode [ 'deps/libiconv/lib/iso8859_15.h', 436, 438 ]
563 silly gunzTarPerm extractEntry deps/libiconv/lib/iso8859_16.h
564 silly gunzTarPerm modified mode [ 'deps/libiconv/lib/iso8859_16.h', 436, 438 ]
565 silly gunzTarPerm extractEntry deps/libiconv/lib/iso8859_2.h
566 silly gunzTarPerm modified mode [ 'deps/libiconv/lib/iso8859_2.h', 436, 438 ]
567 silly gunzTarPerm extractEntry deps/libiconv/lib/iso8859_3.h
568 silly gunzTarPerm modified mode [ 'deps/libiconv/lib/iso8859_3.h', 436, 438 ]
569 silly gunzTarPerm extractEntry deps/libiconv/lib/iso8859_4.h
570 silly gunzTarPerm modified mode [ 'deps/libiconv/lib/iso8859_4.h', 436, 438 ]
571 silly gunzTarPerm extractEntry deps/libiconv/lib/iso8859_5.h
572 silly gunzTarPerm modified mode [ 'deps/libiconv/lib/iso8859_5.h', 436, 438 ]
573 silly gunzTarPerm extractEntry deps/libiconv/lib/iso8859_6.h
574 silly gunzTarPerm modified mode [ 'deps/libiconv/lib/iso8859_6.h', 436, 438 ]
575 silly gunzTarPerm extractEntry deps/libiconv/lib/iso8859_7.h
576 silly gunzTarPerm modified mode [ 'deps/libiconv/lib/iso8859_7.h', 436, 438 ]
577 silly gunzTarPerm extractEntry deps/libiconv/lib/iso8859_8.h
578 silly gunzTarPerm modified mode [ 'deps/libiconv/lib/iso8859_8.h', 436, 438 ]
579 silly gunzTarPerm extractEntry deps/libiconv/lib/iso8859_9.h
580 silly gunzTarPerm modified mode [ 'deps/libiconv/lib/iso8859_9.h', 436, 438 ]
581 silly gunzTarPerm extractEntry deps/libiconv/lib/isoir165.h
582 silly gunzTarPerm modified mode [ 'deps/libiconv/lib/isoir165.h', 436, 438 ]
583 silly gunzTarPerm extractEntry deps/libiconv/lib/isoir165ext.h
584 silly gunzTarPerm modified mode [ 'deps/libiconv/lib/isoir165ext.h', 436, 438 ]
585 silly gunzTarPerm extractEntry deps/libiconv/lib/java.h
586 silly gunzTarPerm modified mode [ 'deps/libiconv/lib/java.h', 436, 438 ]
587 silly gunzTarPerm extractEntry deps/libiconv/lib/jisx0201.h
588 silly gunzTarPerm modified mode [ 'deps/libiconv/lib/jisx0201.h', 436, 438 ]
589 silly gunzTarPerm extractEntry deps/libiconv/lib/jisx0208.h
590 silly gunzTarPerm modified mode [ 'deps/libiconv/lib/jisx0208.h', 436, 438 ]
591 silly gunzTarPerm extractEntry deps/libiconv/lib/jisx0212.h
592 silly gunzTarPerm modified mode [ 'deps/libiconv/lib/jisx0212.h', 436, 438 ]
593 silly gunzTarPerm extractEntry deps/libiconv/lib/jisx0213.h
594 silly gunzTarPerm modified mode [ 'deps/libiconv/lib/jisx0213.h', 436, 438 ]
595 silly gunzTarPerm extractEntry deps/libiconv/lib/johab_hangul.h
596 silly gunzTarPerm modified mode [ 'deps/libiconv/lib/johab_hangul.h', 436, 438 ]
597 silly gunzTarPerm extractEntry deps/libiconv/lib/johab.h
598 silly gunzTarPerm modified mode [ 'deps/libiconv/lib/johab.h', 436, 438 ]
599 silly gunzTarPerm extractEntry deps/libiconv/lib/koi8_r.h
600 silly gunzTarPerm modified mode [ 'deps/libiconv/lib/koi8_r.h', 436, 438 ]
601 silly gunzTarPerm extractEntry deps/libiconv/lib/koi8_ru.h
602 silly gunzTarPerm modified mode [ 'deps/libiconv/lib/koi8_ru.h', 436, 438 ]
603 silly gunzTarPerm extractEntry deps/libiconv/lib/koi8_t.h
604 silly gunzTarPerm modified mode [ 'deps/libiconv/lib/koi8_t.h', 436, 438 ]
605 silly gunzTarPerm extractEntry deps/libiconv/lib/koi8_u.h
606 silly gunzTarPerm modified mode [ 'deps/libiconv/lib/koi8_u.h', 436, 438 ]
607 silly gunzTarPerm extractEntry deps/libiconv/lib/ksc5601.h
608 silly gunzTarPerm modified mode [ 'deps/libiconv/lib/ksc5601.h', 436, 438 ]
609 silly gunzTarPerm extractEntry deps/libiconv/lib/loop_unicode.h
610 silly gunzTarPerm modified mode [ 'deps/libiconv/lib/loop_unicode.h', 436, 438 ]
611 silly gunzTarPerm extractEntry deps/libiconv/lib/loop_wchar.h
612 silly gunzTarPerm modified mode [ 'deps/libiconv/lib/loop_wchar.h', 436, 438 ]
613 silly gunzTarPerm extractEntry deps/libiconv/lib/loops.h
614 silly gunzTarPerm modified mode [ 'deps/libiconv/lib/loops.h', 436, 438 ]
615 silly gunzTarPerm extractEntry deps/libiconv/lib/mac_arabic.h
616 silly gunzTarPerm modified mode [ 'deps/libiconv/lib/mac_arabic.h', 436, 438 ]
617 silly gunzTarPerm extractEntry deps/libiconv/lib/mac_centraleurope.h
618 silly gunzTarPerm modified mode [ 'deps/libiconv/lib/mac_centraleurope.h', 436, 438 ]
619 silly gunzTarPerm extractEntry deps/libiconv/lib/mac_croatian.h
620 silly gunzTarPerm modified mode [ 'deps/libiconv/lib/mac_croatian.h', 436, 438 ]
621 silly gunzTarPerm extractEntry deps/libiconv/lib/mac_cyrillic.h
622 silly gunzTarPerm modified mode [ 'deps/libiconv/lib/mac_cyrillic.h', 436, 438 ]
623 silly gunzTarPerm extractEntry deps/libiconv/lib/mac_greek.h
624 silly gunzTarPerm modified mode [ 'deps/libiconv/lib/mac_greek.h', 436, 438 ]
625 silly gunzTarPerm extractEntry deps/libiconv/lib/mac_hebrew.h
626 silly gunzTarPerm modified mode [ 'deps/libiconv/lib/mac_hebrew.h', 436, 438 ]
627 silly gunzTarPerm extractEntry deps/libiconv/lib/mac_iceland.h
628 silly gunzTarPerm modified mode [ 'deps/libiconv/lib/mac_iceland.h', 436, 438 ]
629 silly gunzTarPerm extractEntry deps/libiconv/lib/mac_roman.h
630 silly gunzTarPerm modified mode [ 'deps/libiconv/lib/mac_roman.h', 436, 438 ]
631 silly gunzTarPerm extractEntry deps/libiconv/lib/mac_romania.h
632 silly gunzTarPerm modified mode [ 'deps/libiconv/lib/mac_romania.h', 436, 438 ]
633 silly gunzTarPerm extractEntry deps/libiconv/lib/mac_thai.h
634 silly gunzTarPerm modified mode [ 'deps/libiconv/lib/mac_thai.h', 436, 438 ]
635 silly gunzTarPerm extractEntry deps/libiconv/lib/mac_turkish.h
636 silly gunzTarPerm modified mode [ 'deps/libiconv/lib/mac_turkish.h', 436, 438 ]
637 silly gunzTarPerm extractEntry deps/libiconv/lib/mac_ukraine.h
638 silly gunzTarPerm modified mode [ 'deps/libiconv/lib/mac_ukraine.h', 436, 438 ]
639 silly gunzTarPerm extractEntry deps/libiconv/lib/mulelao.h
640 silly gunzTarPerm modified mode [ 'deps/libiconv/lib/mulelao.h', 436, 438 ]
641 silly gunzTarPerm extractEntry deps/libiconv/lib/nextstep.h
642 silly gunzTarPerm modified mode [ 'deps/libiconv/lib/nextstep.h', 436, 438 ]
643 silly gunzTarPerm extractEntry deps/libiconv/lib/pt154.h
644 silly gunzTarPerm modified mode [ 'deps/libiconv/lib/pt154.h', 436, 438 ]
645 silly gunzTarPerm extractEntry deps/libiconv/lib/riscos1.h
646 silly gunzTarPerm modified mode [ 'deps/libiconv/lib/riscos1.h', 436, 438 ]
647 silly gunzTarPerm extractEntry deps/libiconv/lib/rk1048.h
648 silly gunzTarPerm modified mode [ 'deps/libiconv/lib/rk1048.h', 436, 438 ]
649 silly gunzTarPerm extractEntry deps/libiconv/lib/shift_jisx0213.h
650 silly gunzTarPerm modified mode [ 'deps/libiconv/lib/shift_jisx0213.h', 436, 438 ]
651 silly gunzTarPerm extractEntry deps/libiconv/lib/sjis.h
652 silly gunzTarPerm modified mode [ 'deps/libiconv/lib/sjis.h', 436, 438 ]
653 silly gunzTarPerm extractEntry deps/libiconv/lib/tcvn.h
654 silly gunzTarPerm modified mode [ 'deps/libiconv/lib/tcvn.h', 436, 438 ]
655 silly gunzTarPerm extractEntry deps/libiconv/lib/tds565.h
656 silly gunzTarPerm modified mode [ 'deps/libiconv/lib/tds565.h', 436, 438 ]
657 silly gunzTarPerm extractEntry deps/libiconv/lib/tis620.h
658 silly gunzTarPerm modified mode [ 'deps/libiconv/lib/tis620.h', 436, 438 ]
659 silly gunzTarPerm extractEntry deps/libiconv/lib/translit.h
660 silly gunzTarPerm modified mode [ 'deps/libiconv/lib/translit.h', 436, 438 ]
661 silly gunzTarPerm extractEntry deps/libiconv/lib/ucs2.h
662 silly gunzTarPerm modified mode [ 'deps/libiconv/lib/ucs2.h', 436, 438 ]
663 silly gunzTarPerm extractEntry deps/libiconv/lib/ucs2be.h
664 silly gunzTarPerm modified mode [ 'deps/libiconv/lib/ucs2be.h', 436, 438 ]
665 silly gunzTarPerm extractEntry deps/libiconv/lib/ucs2internal.h
666 silly gunzTarPerm modified mode [ 'deps/libiconv/lib/ucs2internal.h', 436, 438 ]
667 silly gunzTarPerm extractEntry deps/libiconv/lib/ucs2le.h
668 silly gunzTarPerm modified mode [ 'deps/libiconv/lib/ucs2le.h', 436, 438 ]
669 silly gunzTarPerm extractEntry deps/libiconv/lib/ucs2swapped.h
670 silly gunzTarPerm modified mode [ 'deps/libiconv/lib/ucs2swapped.h', 436, 438 ]
671 silly gunzTarPerm extractEntry deps/libiconv/lib/ucs4.h
672 silly gunzTarPerm modified mode [ 'deps/libiconv/lib/ucs4.h', 436, 438 ]
673 silly gunzTarPerm extractEntry deps/libiconv/lib/ucs4be.h
674 silly gunzTarPerm modified mode [ 'deps/libiconv/lib/ucs4be.h', 436, 438 ]
675 silly gunzTarPerm extractEntry deps/libiconv/lib/ucs4internal.h
676 silly gunzTarPerm modified mode [ 'deps/libiconv/lib/ucs4internal.h', 436, 438 ]
677 silly gunzTarPerm extractEntry deps/libiconv/lib/ucs4le.h
678 silly gunzTarPerm modified mode [ 'deps/libiconv/lib/ucs4le.h', 436, 438 ]
679 silly gunzTarPerm extractEntry deps/libiconv/lib/ucs4swapped.h
680 silly gunzTarPerm modified mode [ 'deps/libiconv/lib/ucs4swapped.h', 436, 438 ]
681 silly gunzTarPerm extractEntry deps/libiconv/lib/uhc_1.h
682 silly gunzTarPerm modified mode [ 'deps/libiconv/lib/uhc_1.h', 436, 438 ]
683 silly gunzTarPerm extractEntry deps/libiconv/lib/uhc_2.h
684 silly gunzTarPerm modified mode [ 'deps/libiconv/lib/uhc_2.h', 436, 438 ]
685 silly gunzTarPerm extractEntry deps/libiconv/lib/utf16.h
686 silly gunzTarPerm modified mode [ 'deps/libiconv/lib/utf16.h', 436, 438 ]
687 silly gunzTarPerm extractEntry deps/libiconv/lib/utf16be.h
688 silly gunzTarPerm modified mode [ 'deps/libiconv/lib/utf16be.h', 436, 438 ]
689 silly gunzTarPerm extractEntry deps/libiconv/lib/utf16le.h
690 silly gunzTarPerm modified mode [ 'deps/libiconv/lib/utf16le.h', 436, 438 ]
691 silly gunzTarPerm extractEntry deps/libiconv/lib/utf32.h
692 silly gunzTarPerm modified mode [ 'deps/libiconv/lib/utf32.h', 436, 438 ]
693 silly gunzTarPerm extractEntry deps/libiconv/lib/utf32be.h
694 silly gunzTarPerm modified mode [ 'deps/libiconv/lib/utf32be.h', 436, 438 ]
695 silly gunzTarPerm extractEntry deps/libiconv/lib/utf32le.h
696 silly gunzTarPerm modified mode [ 'deps/libiconv/lib/utf32le.h', 436, 438 ]
697 silly gunzTarPerm extractEntry deps/libiconv/lib/utf7.h
698 silly gunzTarPerm modified mode [ 'deps/libiconv/lib/utf7.h', 436, 438 ]
699 silly gunzTarPerm extractEntry deps/libiconv/lib/utf8.h
700 silly gunzTarPerm modified mode [ 'deps/libiconv/lib/utf8.h', 436, 438 ]
701 silly gunzTarPerm extractEntry deps/libiconv/lib/vietcomb.h
702 silly gunzTarPerm modified mode [ 'deps/libiconv/lib/vietcomb.h', 436, 438 ]
703 silly gunzTarPerm extractEntry deps/libiconv/lib/viscii.h
704 silly gunzTarPerm modified mode [ 'deps/libiconv/lib/viscii.h', 436, 438 ]
705 silly gunzTarPerm extractEntry lib/iconv.js
706 silly gunzTarPerm modified mode [ 'lib/iconv.js', 436, 438 ]
707 silly gunzTarPerm extractEntry src/binding.cc
708 silly gunzTarPerm modified mode [ 'src/binding.cc', 420, 438 ]
709 silly gunzTarPerm extractEntry support/config.h
710 silly gunzTarPerm modified mode [ 'support/config.h', 436, 438 ]
711 silly gunzTarPerm extractEntry support/iconv.h
712 silly gunzTarPerm modified mode [ 'support/iconv.h', 436, 438 ]
713 silly gunzTarPerm extractEntry support/localcharset.c
714 silly gunzTarPerm modified mode [ 'support/localcharset.c', 436, 438 ]
715 silly gunzTarPerm extractEntry support/localcharset.h
716 silly gunzTarPerm modified mode [ 'support/localcharset.h', 436, 438 ]
717 silly gunzTarPerm extractEntry test/fixtures/lorem-ipsum.txt
718 silly gunzTarPerm modified mode [ 'test/fixtures/lorem-ipsum.txt', 436, 438 ]
719 silly gunzTarPerm extractEntry test/run-tests.js
720 silly gunzTarPerm modified mode [ 'test/run-tests.js', 436, 438 ]
721 silly gunzTarPerm extractEntry test/test-basic.js
722 silly gunzTarPerm modified mode [ 'test/test-basic.js', 420, 438 ]
723 silly gunzTarPerm extractEntry test/test-big-buffer.js
724 silly gunzTarPerm modified mode [ 'test/test-big-buffer.js', 420, 438 ]
725 silly gunzTarPerm extractEntry test/test-stream.js
726 silly gunzTarPerm modified mode [ 'test/test-stream.js', 420, 438 ]
727 silly gentlyRm D:\barannikov\_Misc\Dropbox\_Web\_Projects\node_trvo\node_modules\.staging\iconv-ddcdeb7f\node_modules is being purged
728 verbose gentlyRm don't care about contents; nuking D:\barannikov\_Misc\Dropbox\_Web\_Projects\node_trvo\node_modules\.staging\iconv-ddcdeb7f\node_modules
729 silly doParallel preinstall 2
730 silly preinstall nan@2.14.0 D:\barannikov\_Misc\Dropbox\_Web\_Projects\node_trvo\node_modules\.staging\nan-213ef67e
731 info lifecycle nan@2.14.0~preinstall: nan@2.14.0
732 silly preinstall iconv@2.3.4 D:\barannikov\_Misc\Dropbox\_Web\_Projects\node_trvo\node_modules\.staging\iconv-ddcdeb7f
733 info lifecycle iconv@2.3.4~preinstall: iconv@2.3.4
734 silly lifecycle nan@2.14.0~preinstall: no script for preinstall, continuing
735 silly lifecycle iconv@2.3.4~preinstall: no script for preinstall, continuing
736 silly doReverseSerial remove 0
737 silly doSerial move 0
738 silly doSerial finalize 2
739 silly finalize D:\barannikov\_Misc\Dropbox\_Web\_Projects\node_trvo\node_modules\nan
740 silly finalize D:\barannikov\_Misc\Dropbox\_Web\_Projects\node_trvo\node_modules\iconv
741 silly doSerial build 2
742 silly build nan@2.14.0
743 info linkStuff nan@2.14.0
744 silly linkStuff nan@2.14.0 has D:\barannikov\_Misc\Dropbox\_Web\_Projects\node_trvo\node_modules as its parent node_modules
745 verbose linkBins nan@2.14.0
746 verbose linkMans nan@2.14.0
747 silly build iconv@2.3.4
748 info linkStuff iconv@2.3.4
749 silly linkStuff iconv@2.3.4 has D:\barannikov\_Misc\Dropbox\_Web\_Projects\node_trvo\node_modules as its parent node_modules
750 verbose linkBins iconv@2.3.4
751 verbose linkMans iconv@2.3.4
752 silly doSerial global-link 0
753 silly doParallel update-linked 0
754 silly doSerial install 2
755 silly install nan@2.14.0 D:\barannikov\_Misc\Dropbox\_Web\_Projects\node_trvo\node_modules\.staging\nan-213ef67e
756 info lifecycle nan@2.14.0~install: nan@2.14.0
757 silly lifecycle nan@2.14.0~install: no script for install, continuing
758 silly install iconv@2.3.4 D:\barannikov\_Misc\Dropbox\_Web\_Projects\node_trvo\node_modules\.staging\iconv-ddcdeb7f
759 info lifecycle iconv@2.3.4~install: iconv@2.3.4
760 verbose lifecycle iconv@2.3.4~install: unsafe-perm in lifecycle true
761 verbose lifecycle iconv@2.3.4~install: PATH: C:\Program Files\nodejs\node_modules\npm\bin\node-gyp-bin;D:\barannikov\_Misc\Dropbox\_Web\_Projects\node_trvo\node_modules\iconv\node_modules\.bin;D:\barannikov\_Misc\Dropbox\_Web\_Projects\node_trvo\node_modules\.bin;C:\PROGRA~2\Borland\Delphi5\Projects\Bpl;C:\PROGRA~2\Borland\vbroker\jre\Bin;C:\PROGRA~2\Borland\vbroker\Bin;C:\PROGRA~2\Borland\Delphi5\Bin;C:\Windows\system32;C:\Windows;C:\Windows\System32\Wbem;C:\Windows\System32\WindowsPowerShell\v1.0\;C:\Program Files\apache-maven-3.2.5\bin;C:\Program Files\apache-ant-1.9.4\bin;C:\Program Files (x86)\Skype\Phone\;D:\barannikov\_Misc\Android_SDK\platform-tools\;C:\Program Files\Git\cmd;C:\Program Files\nodejs\;C:\Program Files\Java\jdk1.8.0_152\bin;;d:\Program Files\Docker Toolbox;C:\Users\barannikov\AppData\Roaming\npm
762 verbose lifecycle iconv@2.3.4~install: CWD: D:\barannikov\_Misc\Dropbox\_Web\_Projects\node_trvo\node_modules\iconv
763 silly lifecycle iconv@2.3.4~install: Args: [ '/d /s /c', 'node-gyp rebuild' ]
764 silly lifecycle iconv@2.3.4~install: Returned: code: 1  signal: null
765 info lifecycle iconv@2.3.4~install: Failed to exec install script
766 verbose unlock done using C:\Users\barannikov\AppData\Roaming\npm-cache\_locks\staging-48932a216986c58e.lock for D:\barannikov\_Misc\Dropbox\_Web\_Projects\node_trvo\node_modules\.staging
767 silly rollbackFailedOptional Starting
768 silly rollbackFailedOptional Finishing
769 silly runTopLevelLifecycles Finishing
770 silly install printInstalled
771 warn node@1.0.0 No description
772 verbose If you need help, you may report this error at:
772 verbose     <https://github.com/npm/npm/issues>
773 warn node@1.0.0 No repository field.
774 verbose If you need help, you may report this error at:
774 verbose     <https://github.com/npm/npm/issues>
775 verbose stack Error: iconv@2.3.4 install: `node-gyp rebuild`
775 verbose stack Exit status 1
775 verbose stack     at EventEmitter.<anonymous> (C:\Program Files\nodejs\node_modules\npm\lib\utils\lifecycle.js:255:16)
775 verbose stack     at emitTwo (events.js:106:13)
775 verbose stack     at EventEmitter.emit (events.js:191:7)
775 verbose stack     at ChildProcess.<anonymous> (C:\Program Files\nodejs\node_modules\npm\lib\utils\spawn.js:40:14)
775 verbose stack     at emitTwo (events.js:106:13)
775 verbose stack     at ChildProcess.emit (events.js:191:7)
775 verbose stack     at maybeClose (internal/child_process.js:886:16)
775 verbose stack     at Process.ChildProcess._handle.onexit (internal/child_process.js:226:5)
776 verbose pkgid iconv@2.3.4
777 verbose cwd D:\barannikov\_Misc\Dropbox\_Web\_Projects\node_trvo
778 error Windows_NT 6.1.7601
779 error argv "C:\\Program Files\\nodejs\\node.exe" "C:\\Program Files\\nodejs\\node_modules\\npm\\bin\\npm-cli.js" "install" "iconv"
780 error node v6.10.3
781 error npm  v3.10.10
782 error code ELIFECYCLE
783 error iconv@2.3.4 install: `node-gyp rebuild`
783 error Exit status 1
784 error Failed at the iconv@2.3.4 install script 'node-gyp rebuild'.
784 error Make sure you have the latest version of node.js and npm installed.
784 error If you do, this is most likely a problem with the iconv package,
784 error not with npm itself.
784 error Tell the author that this fails on your system:
784 error     node-gyp rebuild
784 error You can get information on how to open an issue for this project with:
784 error     npm bugs iconv
784 error Or if that isn't available, you can get their info via:
784 error     npm owner ls iconv
784 error There is likely additional logging output above.
785 verbose exit [ 1, true ]
